  {
    "@timestamp": "2026-02-01T19:40:43.509374",
    "message": "10.14.99.21 > 172.17.68.93:80",
    "source": {
      "ip": "10.14.99.21"
    },
    "destination": {
      "ip": "172.17.68.93",
      "port": 80
    },
    "network": {
      "protocol": "TCP",
      "bytes": 528
    },
    "event": {
      "category": "network_traffic",
      "type": "connection",
      "outcome": "info"
    },
    "host": {
      "name": "web-74.miller.org"
    },
    "tags": [
      "network"
    ]
  },
  {
    "@timestamp": "2026-02-01T19:46:43.489714",
    "message": "Failed password for root from 172.185.104.123 port 59246 ssh2",
    "system": {
      "syslog": {
        "program": "sshd"
      }
    },
    "host": {
      "name": "laptop-57.arnold.com"
    },
    "source": {
      "ip": "172.185.104.123"
    },
    "event": {
      "category": "authentication",
      "type": "login_failure",
      "outcome": "failure"
    },
    "tags": [
      "linux"
    ]
  },
  {
    "@timestamp": "2026-02-01T19:53:43.491563",
    "message": "10.138.142.119 > 172.26.23.140:443",
    "source": {
      "ip": "10.138.142.119"
    },
    "destination": {
      "ip": "172.26.23.140",
      "port": 443
    },
    "network": {
      "protocol": "TCP",
      "bytes": 809
    },
    "event": {
      "category": "network_traffic",
      "type": "connection",
      "outcome": "info"
    },
    "host": {
      "name": "laptop-71.garcia.info"
    },
    "tags": [
      "network"
    ]
  },
  {
    "@timestamp": "2026-02-01T19:58:43.505084",
    "message": "Failed password for invalid_user from 192.13.69.21 port 53677 ssh2",
    "system": {
      "syslog": {
        "program": "sshd"
      }
    },
    "host": {
      "name": "lt-46.west.com"
    },
    "source": {
      "ip": "192.13.69.21"
    },
    "event": {
      "category": "authentication",
      "type": "login_failure",
      "outcome": "failure"
    },
    "tags": [
      "linux"
    ]
  },
  {
    "@timestamp": "2026-02-01T20:10:43.498626",
    "message": "Failed password for invalid_user from 214.252.187.39 port 40680 ssh2",
    "system": {
      "syslog": {
        "program": "sshd"
      }
    },
    "host": {
      "name": "db-70.jones-ray.com"
    },
    "source": {
      "ip": "214.252.187.39"
    },
    "event": {
      "category": "authentication",
      "type": "login_failure",
      "outcome": "failure"
    },
    "tags": [
      "linux"
    ]
  },
  {
    "@timestamp": "2026-02-01T20:26:43.394295",
    "message": "Accepted publickey for mark96 from 203.216.38.32 port 32997 ssh2",
    "system": {
      "syslog": {
        "program": "sshd"
      }
    },
    "host": {
      "name": "lt-69.collins-dean.com"
    },
    "source": {
      "ip": "203.216.38.32"
    },
    "event": {
      "category": "authentication",
      "type": "login_success",
      "outcome": "success"
    },
    "tags": [
      "linux"
    ]
  },
  {
    "@timestamp": "2026-02-01T20:28:43.512014",
    "message": "Accepted publickey for mblair from 194.70.87.62 port 64849 ssh2",
    "system": {
      "syslog": {
        "program": "sshd"
      }
    },
    "host": {
      "name": "desktop-92.berg-cameron.com"
    },
    "source": {
      "ip": "194.70.87.62"
    },
    "event": {
      "category": "authentication",
      "type": "login_success",
      "outcome": "success"
    },
    "tags": [
      "linux"
    ]
  },
  {
    "@timestamp": "2026-02-01T20:42:43.490973",
    "message": "Accepted publickey for ojohnson from 32.198.85.190 port 54792 ssh2",
    "system": {
      "syslog": {
        "program": "sshd"
      }
    },
    "host": {
      "name": "email-18.evans.com"
    },
    "source": {
      "ip": "32.198.85.190"
    },
    "event": {
      "category": "authentication",
      "type": "login_success",
      "outcome": "success"
    },
    "tags": [
      "linux"
    ]
  },
  {
    "@timestamp": "2026-02-01T20:52:43.445570",
    "message": "172.20.249.177 > 10.189.197.72:80",
    "source": {
      "ip": "172.20.249.177"
    },
    "destination": {
      "ip": "10.189.197.72",
      "port": 80
    },
    "network": {
      "protocol": "TCP",
      "bytes": 786
    },
    "event": {
      "category": "network_traffic",
      "type": "connection",
      "outcome": "info"
    },
    "host": {
      "name": "email-48.reynolds.com"
    },
    "tags": [
      "network"
    ]
  },
  {
    "@timestamp": "2026-02-01T21:21:43.529110",
    "winlog": {
      "provider_name": "Microsoft-Windows-Security-Auditing",
      "event_id": 4720,
      "level": "Information"
    },
    "host": {
      "name": "laptop-03.kramer.biz",
      "ip": [
        "10.41.81.163"
      ]
    },
    "tags": [
      "windows"
    ]
  },
  {
    "@timestamp": "2026-02-01T21:26:43.508007",
    "winlog": {
      "provider_name": "Microsoft-Windows-Security-Auditing",
      "event_id": 4726,
      "level": "Information"
    },
    "host": {
      "name": "web-84.simpson.info",
      "ip": [
        "172.16.244.152"
      ]
    },
    "tags": [
      "windows"
    ]
  },
  {
    "@timestamp": "2026-02-01T21:26:43.519701",
    "message": "172.24.7.149 > 10.86.131.7:22",
    "source": {
      "ip": "172.24.7.149"
    },
    "destination": {
      "ip": "10.86.131.7",
      "port": 22
    },
    "network": {
      "protocol": "TCP",
      "bytes": 992
    },
    "event": {
      "category": "network_traffic",
      "type": "connection",
      "outcome": "info"
    },
    "host": {
      "name": "lt-02.sanchez.com"
    },
    "tags": [
      "network"
    ]
  },
  {
    "@timestamp": "2026-02-01T21:29:43.371224",
    "message": "192.209.169.172 > 172.20.160.80:139",
    "source": {
      "ip": "192.209.169.172"
    },
    "destination": {
      "ip": "172.20.160.80",
      "port": 139
    },
    "network": {
      "protocol": "TCP",
      "bytes": 67
    },
    "event": {
      "category": "network_traffic",
      "type": "connection",
      "outcome": "info"
    },
    "host": {
      "name": "db-41.cortez.com"
    },
    "tags": [
      "network"
    ]
  },
  {
    "@timestamp": "2026-02-01T21:32:43.515988",
    "winlog": {
      "event_data": {
        "ProcessName": "powershell.exe",
        "ProcessId": "2384"
      }
    },
    "host": {
      "name": "email-27.howell.net",
      "ip": [
        "172.24.84.31"
      ]
    },
    "tags": [
      "windows"
    ],
    "event": {
      "category": "process",
      "type": "creation",
      "outcome": "info"
    }
  },
  {
    "@timestamp": "2026-02-01T21:35:43.476812",
    "winlog": {
      "provider_name": "Microsoft-Windows-Security-Auditing",
      "event_id": 4672,
      "level": "Information"
    },
    "host": {
      "name": "email-48.watson.com",
      "ip": [
        "192.168.248.158"
      ]
    },
    "tags": [
      "windows"
    ]
  },
  {
    "@timestamp": "2026-02-01T21:46:43.482934",
    "message": "192.168.148.74 > 10.159.197.168:443",
    "source": {
      "ip": "192.168.148.74"
    },
    "destination": {
      "ip": "10.159.197.168",
      "port": 443
    },
    "network": {
      "protocol": "TCP",
      "bytes": 198
    },
    "event": {
      "category": "network_traffic",
      "type": "connection",
      "outcome": "info"
    },
    "host": {
      "name": "srv-00.gomez.com"
    },
    "tags": [
      "network"
    ]
  },
  {
    "@timestamp": "2026-02-01T21:52:43.501423",
    "message": "172.17.111.248 > 172.20.158.189:22",
    "source": {
      "ip": "172.17.111.248"
    },
    "destination": {
      "ip": "172.20.158.189",
      "port": 22
    },
    "network": {
      "protocol": "UDP",
      "bytes": 257
    },
    "event": {
      "category": "network_traffic",
      "type": "connection",
      "outcome": "info"
    },
    "host": {
      "name": "srv-15.graham.info"
    },
    "tags": [
      "network"
    ]
  },
  {
    "@timestamp": "2026-02-01T22:15:43.517688",
    "message": "Accepted publickey for fernandezdenise from 17.243.206.96 port 53411 ssh2",
    "system": {
      "syslog": {
        "program": "sshd"
      }
    },
    "host": {
      "name": "laptop-28.cooper-le.com"
    },
    "source": {
      "ip": "17.243.206.96"
    },
    "event": {
      "category": "authentication",
      "type": "login_success",
      "outcome": "success"
    },
    "tags": [
      "linux"
    ]
  },
  {
    "@timestamp": "2026-02-01T22:20:43.531057",
    "message": "10.135.206.53 > 172.31.227.176:443",
    "source": {
      "ip": "10.135.206.53"
    },
    "destination": {
      "ip": "172.31.227.176",
      "port": 443
    },
    "network": {
      "protocol": "UDP",
      "bytes": 433
    },
    "event": {
      "category": "network_traffic",
      "type": "connection",
      "outcome": "info"
    },
    "host": {
      "name": "laptop-56.williams.com"
    },
    "tags": [
      "network"
    ]
  },
  {
    "@timestamp": "2026-02-01T22:33:43.480159",
    "winlog": {
      "provider_name": "Microsoft-Windows-Security-Auditing",
      "event_id": 4648,
      "level": "Information"
    },
    "host": {
      "name": "srv-24.white.com",
      "ip": [
        "10.194.197.36"
      ]
    },
    "tags": [
      "windows"
    ]
  },
  {
    "@timestamp": "2026-02-01T22:38:43.486579",
    "message": "10.13.19.107 > 172.28.20.155:80",
    "source": {
      "ip": "10.13.19.107"
    },
    "destination": {
      "ip": "172.28.20.155",
      "port": 80
    },
    "network": {
      "protocol": "TCP",
      "bytes": 658
    },
    "event": {
      "category": "network_traffic",
      "type": "connection",
      "outcome": "info"
    },
    "host": {
      "name": "lt-38.white-gardner.com"
    },
    "tags": [
      "network"
    ]
  },
  {
    "@timestamp": "2026-02-01T22:39:43.535454",
    "message": "10.143.218.125 > 172.30.205.46:22",
    "source": {
      "ip": "10.143.218.125"
    },
    "destination": {
      "ip": "172.30.205.46",
      "port": 22
    },
    "network": {
      "protocol": "TCP",
      "bytes": 71
    },
    "event": {
      "category": "network_traffic",
      "type": "connection",
      "outcome": "info"
    },
    "host": {
      "name": "email-09.fitzpatrick.com"
    },
    "tags": [
      "network"
    ]
  },
  {
    "@timestamp": "2026-02-01T22:45:43.400781",
    "message": "10.210.119.169 > 10.82.64.20:443",
    "source": {
      "ip": "10.210.119.169"
    },
    "destination": {
      "ip": "10.82.64.20",
      "port": 443
    },
    "network": {
      "protocol": "UDP",
      "bytes": 310
    },
    "event": {
      "category": "network_traffic",
      "type": "connection",
      "outcome": "info"
    },
    "host": {
      "name": "email-52.edwards.com"
    },
    "tags": [
      "network"
    ]
  },
  {
    "@timestamp": "2026-02-01T22:58:43.499167",
    "message": "192.168.92.108 > 172.30.174.85:22",
    "source": {
      "ip": "192.168.92.108"
    },
    "destination": {
      "ip": "172.30.174.85",
      "port": 22
    },
    "network": {
      "protocol": "UDP",
      "bytes": 119
    },
    "event": {
      "category": "network_traffic",
      "type": "connection",
      "outcome": "info"
    },
    "host": {
      "name": "db-99.maddox.com"
    },
    "tags": [
      "network"
    ]
  },
  {
    "@timestamp": "2026-02-01T23:05:43.453890",
    "message": "Accepted publickey for debra94 from 42.229.103.128 port 43840 ssh2",
    "system": {
      "syslog": {
        "program": "sshd"
      }
    },
    "host": {
      "name": "laptop-26.young.com"
    },
    "source": {
      "ip": "42.229.103.128"
    },
    "event": {
      "category": "authentication",
      "type": "login_success",
      "outcome": "success"
    },
    "tags": [
      "linux"
    ]
  },
  {
    "@timestamp": "2026-02-02T00:10:43.396323",
    "message": "172.20.116.16 > 172.24.218.94:80",
    "source": {
      "ip": "172.20.116.16"
    },
    "destination": {
      "ip": "172.24.218.94",
      "port": 80
    },
    "network": {
      "protocol": "TCP",
      "bytes": 887
    },
    "event": {
      "category": "network_traffic",
      "type": "connection",
      "outcome": "info"
    },
    "host": {
      "name": "srv-61.fitzgerald.net"
    },
    "tags": [
      "network"
    ]
  },
  {
    "@timestamp": "2026-02-02T00:15:43.524296",
    "message": "Failed password for administrator from 203.159.44.249 port 60728 ssh2",
    "system": {
      "syslog": {
        "program": "sshd"
      }
    },
    "host": {
      "name": "laptop-37.hutchinson.com"
    },
    "source": {
      "ip": "203.159.44.249"
    },
    "event": {
      "category": "authentication",
      "type": "login_failure",
      "outcome": "failure"
    },
    "tags": [
      "linux"
    ]
  },
  {
    "@timestamp": "2026-02-02T00:39:43.450716",
    "message": "Accepted publickey for james68 from 157.230.240.245 port 56325 ssh2",
    "system": {
      "syslog": {
        "program": "sshd"
      }
    },
    "host": {
      "name": "laptop-57.lane.org"
    },
    "source": {
      "ip": "157.230.240.245"
    },
    "event": {
      "category": "authentication",
      "type": "login_success",
      "outcome": "success"
    },
    "tags": [
      "linux"
    ]
  },
  {
    "@timestamp": "2026-02-02T00:50:43.513915",
    "message": "Failed password for administrator from 199.175.135.171 port 63197 ssh2",
    "system": {
      "syslog": {
        "program": "sshd"
      }
    },
    "host": {
      "name": "srv-18.richardson.net"
    },
    "source": {
      "ip": "199.175.135.171"
    },
    "event": {
      "category": "authentication",
      "type": "login_failure",
      "outcome": "failure"
    },
    "tags": [
      "linux"
    ]
  },
  {
    "@timestamp": "2026-02-02T00:56:43.449310",
    "message": "172.23.166.75 > 172.24.67.4:3389",
    "source": {
      "ip": "172.23.166.75"
    },
    "destination": {
      "ip": "172.24.67.4",
      "port": 3389
    },
    "network": {
      "protocol": "TCP",
      "bytes": 649
    },
    "event": {
      "category": "network_traffic",
      "type": "connection",
      "outcome": "info"
    },
    "host": {
      "name": "lt-51.perez.org"
    },
    "tags": [
      "network"
    ]
  },
  {
    "@timestamp": "2026-02-02T01:04:43.515136",
    "message": "Accepted publickey for jake20 from 144.108.150.88 port 49440 ssh2",
    "system": {
      "syslog": {
        "program": "sshd"
      }
    },
    "host": {
      "name": "laptop-16.lopez.com"
    },
    "source": {
      "ip": "144.108.150.88"
    },
    "event": {
      "category": "authentication",
      "type": "login_success",
      "outcome": "success"
    },
    "tags": [
      "linux"
    ]
  },
  {
    "@timestamp": "2026-02-02T01:07:43.479900",
    "message": "192.168.140.112 > 172.26.255.143:22",
    "source": {
      "ip": "192.168.140.112"
    },
    "destination": {
      "ip": "172.26.255.143",
      "port": 22
    },
    "network": {
      "protocol": "UDP",
      "bytes": 730
    },
    "event": {
      "category": "network_traffic",
      "type": "connection",
      "outcome": "info"
    },
    "host": {
      "name": "laptop-97.johnson.com"
    },
    "tags": [
      "network"
    ]
  },
  {
    "@timestamp": "2026-02-02T01:08:43.510003",
    "winlog": {
      "provider_name": "Microsoft-Windows-Security-Auditing",
      "event_id": 4720,
      "level": "Information"
    },
    "host": {
      "name": "desktop-32.williamson-baker.com",
      "ip": [
        "192.168.179.170"
      ]
    },
    "tags": [
      "windows"
    ]
  },
  {
    "@timestamp": "2026-02-02T01:10:43.493783",
    "message": "Failed password for invalid_user from 178.230.73.240 port 37055 ssh2",
    "system": {
      "syslog": {
        "program": "sshd"
      }
    },
    "host": {
      "name": "laptop-74.lopez.biz"
    },
    "source": {
      "ip": "178.230.73.240"
    },
    "event": {
      "category": "authentication",
      "type": "login_failure",
      "outcome": "failure"
    },
    "tags": [
      "linux"
    ]
  },
  {
    "@timestamp": "2026-02-02T01:11:43.525803",
    "message": "Accepted publickey for ryan82 from 58.108.59.216 port 42260 ssh2",
    "system": {
      "syslog": {
        "program": "sshd"
      }
    },
    "host": {
      "name": "db-11.brown.com"
    },
    "source": {
      "ip": "58.108.59.216"
    },
    "event": {
      "category": "authentication",
      "type": "login_success",
      "outcome": "success"
    },
    "tags": [
      "linux"
    ]
  },
  {
    "@timestamp": "2026-02-02T01:25:43.526167",
    "message": "192.168.251.58 > 10.199.106.243:443",
    "source": {
      "ip": "192.168.251.58"
    },
    "destination": {
      "ip": "10.199.106.243",
      "port": 443
    },
    "network": {
      "protocol": "UDP",
      "bytes": 117
    },
    "event": {
      "category": "network_traffic",
      "type": "connection",
      "outcome": "info"
    },
    "host": {
      "name": "srv-17.powell-craig.com"
    },
    "tags": [
      "network"
    ]
  },
  {
    "@timestamp": "2026-02-02T01:44:43.490631",
    "winlog": {
      "provider_name": "Microsoft-Windows-Security-Auditing",
      "event_id": 4726,
      "level": "Information"
    },
    "host": {
      "name": "desktop-58.sanchez-carpenter.biz",
      "ip": [
        "10.235.224.87"
      ]
    },
    "tags": [
      "windows"
    ]
  },
  {
    "@timestamp": "2026-02-02T01:47:43.488481",
    "message": "Accepted publickey for huntervaughan from 76.222.230.180 port 33094 ssh2",
    "system": {
      "syslog": {
        "program": "sshd"
      }
    },
    "host": {
      "name": "laptop-26.finley-klein.com"
    },
    "source": {
      "ip": "76.222.230.180"
    },
    "event": {
      "category": "authentication",
      "type": "login_success",
      "outcome": "success"
    },
    "tags": [
      "linux"
    ]
  },
  {
    "@timestamp": "2026-02-02T02:08:43.495712",
    "message": "Failed password for klee from 185.103.105.64 port 60743 ssh2",
    "system": {
      "syslog": {
        "program": "sshd"
      }
    },
    "host": {
      "name": "srv-15.fritz.com"
    },
    "source": {
      "ip": "185.103.105.64"
    },
    "event": {
      "category": "authentication",
      "type": "login_failure",
      "outcome": "failure"
    },
    "tags": [
      "linux"
    ]
  },
  {
    "@timestamp": "2026-02-02T02:39:43.526540",
    "winlog": {
      "event_data": {
        "TargetUserName": "michellemorris",
        "IpAddress": "201.63.0.187",
        "WorkstationName": "srv-90.allen.com"
      }
    },
    "host": {
      "name": "email-36.obrien-moss.biz",
      "ip": [
        "192.168.197.219"
      ]
    },
    "tags": [
      "windows"
    ],
    "event": {
      "category": "authentication",
      "type": "logon_success",
      "outcome": "success"
    }
  },
  {
    "@timestamp": "2026-02-02T03:03:43.518557",
    "winlog": {
      "provider_name": "Microsoft-Windows-Security-Auditing",
      "event_id": 4720,
      "level": "Information"
    },
    "host": {
      "name": "srv-18.hayes.com",
      "ip": [
        "192.168.221.97"
      ]
    },
    "tags": [
      "windows"
    ]
  },
  {
    "@timestamp": "2026-02-02T03:29:43.537126",
    "message": "214.254.118.90 > 172.21.219.192:3389",
    "source": {
      "ip": "214.254.118.90"
    },
    "destination": {
      "ip": "172.22.126.56",
      "port": 3389
    },
    "network": {
      "protocol": "TCP"
    },
    "event": {
      "category": "network_traffic",
      "type": "connection",
      "outcome": "info"
    },
    "host": {
      "name": "lt-04.henry-miller.com"
    },
    "tags": [
      "network",
      "port_scan_simulation"
    ]
  },
  {
    "@timestamp": "2026-02-02T03:29:43.537297",
    "message": "214.254.118.90 > 192.168.151.202:8080",
    "source": {
      "ip": "214.254.118.90"
    },
    "destination": {
      "ip": "10.4.166.164",
      "port": 8080
    },
    "network": {
      "protocol": "TCP"
    },
    "event": {
      "category": "network_traffic",
      "type": "connection",
      "outcome": "info"
    },
    "host": {
      "name": "lt-04.henry-miller.com"
    },
    "tags": [
      "network",
      "port_scan_simulation"
    ]
  },
  {
    "@timestamp": "2026-02-02T03:29:43.538582",
    "message": "200.87.100.56 > 192.168.227.143:25",
    "source": {
      "ip": "200.87.100.56"
    },
    "destination": {
      "ip": "172.31.27.250",
      "port": 25
    },
    "network": {
      "protocol": "TCP"
    },
    "event": {
      "category": "network_traffic",
      "type": "connection",
      "outcome": "info"
    },
    "host": {
      "name": "desktop-00.sandoval-abbott.org"
    },
    "tags": [
      "network",
      "port_scan_simulation"
    ]
  },
  {
    "@timestamp": "2026-02-02T03:29:43.539329",
    "message": "154.142.158.217 > 192.168.125.98:53",
    "source": {
      "ip": "154.142.158.217"
    },
    "destination": {
      "ip": "10.215.136.38",
      "port": 53
    },
    "network": {
      "protocol": "TCP"
    },
    "event": {
      "category": "network_traffic",
      "type": "connection",
      "outcome": "info"
    },
    "host": {
      "name": "srv-35.jenkins.org"
    },
    "tags": [
      "network",
      "port_scan_simulation"
    ]
  },
  {
    "@timestamp": "2026-02-02T03:29:43.539496",
    "message": "154.142.158.217 > 10.213.84.146:110",
    "source": {
      "ip": "154.142.158.217"
    },
    "destination": {
      "ip": "172.21.236.49",
      "port": 110
    },
    "network": {
      "protocol": "TCP"
    },
    "event": {
      "category": "network_traffic",
      "type": "connection",
      "outcome": "info"
    },
    "host": {
      "name": "srv-35.jenkins.org"
    },
    "tags": [
      "network",
      "port_scan_simulation"
    ]
  },
  {
    "@timestamp": "2026-02-02T03:29:43.540695",
    "message": "38.180.135.105 > 10.159.181.3:8080",
    "source": {
      "ip": "38.180.135.105"
    },
    "destination": {
      "ip": "10.28.25.207",
      "port": 8080
    },
    "network": {
      "protocol": "TCP"
    },
    "event": {
      "category": "network_traffic",
      "type": "connection",
      "outcome": "info"
    },
    "host": {
      "name": "lt-74.hines.com"
    },
    "tags": [
      "network",
      "port_scan_simulation"
    ]
  },
  {
    "@timestamp": "2026-02-02T03:29:43.541205",
    "message": "121.221.224.14 > 10.46.52.63:1723",
    "source": {
      "ip": "121.221.224.14"
    },
    "destination": {
      "ip": "172.26.95.225",
      "port": 1723
    },
    "network": {
      "protocol": "TCP"
    },
    "event": {
      "category": "network_traffic",
      "type": "connection",
      "outcome": "info"
    },
    "host": {
      "name": "email-96.reed.com"
    },
    "tags": [
      "network",
      "port_scan_simulation"
    ]
  },
  {
    "@timestamp": "2026-02-02T03:29:43.541429",
    "message": "121.221.224.14 > 10.63.111.116:8080",
    "source": {
      "ip": "121.221.224.14"
    },
    "destination": {
      "ip": "172.25.138.103",
      "port": 8080
    },
    "network": {
      "protocol": "TCP"
    },
    "event": {
      "category": "network_traffic",
      "type": "connection",
      "outcome": "info"
    },
    "host": {
      "name": "email-96.reed.com"
    },
    "tags": [
      "network",
      "port_scan_simulation"
    ]
  },
  {
    "@timestamp": "2026-02-02T03:30:43.538358",
    "message": "200.87.100.56 > 192.168.199.99:993",
    "source": {
      "ip": "200.87.100.56"
    },
    "destination": {
      "ip": "192.168.114.34",
      "port": 993
    },
    "network": {
      "protocol": "TCP"
    },
    "event": {
      "category": "network_traffic",
      "type": "connection",
      "outcome": "info"
    },
    "host": {
      "name": "desktop-00.sandoval-abbott.org"
    },
    "tags": [
      "network",
      "port_scan_simulation"
    ]
  },
  {
    "@timestamp": "2026-02-02T03:30:43.540639",
    "message": "38.180.135.105 > 172.30.120.84:25",
    "source": {
      "ip": "38.180.135.105"
    },
    "destination": {
      "ip": "10.237.249.65",
      "port": 25
    },
    "network": {
      "protocol": "TCP"
    },
    "event": {
      "category": "network_traffic",
      "type": "connection",
      "outcome": "info"
    },
    "host": {
      "name": "lt-74.hines.com"
    },
    "tags": [
      "network",
      "port_scan_simulation"
    ]
  },
  {
    "@timestamp": "2026-02-02T03:30:43.541541",
    "message": "121.221.224.14 > 192.168.154.28:80",
    "source": {
      "ip": "121.221.224.14"
    },
    "destination": {
      "ip": "10.19.131.39",
      "port": 80
    },
    "network": {
      "protocol": "TCP"
    },
    "event": {
      "category": "network_traffic",
      "type": "connection",
      "outcome": "info"
    },
    "host": {
      "name": "email-96.reed.com"
    },
    "tags": [
      "network",
      "port_scan_simulation"
    ]
  },
  {
    "@timestamp": "2026-02-02T03:30:43.541764",
    "message": "121.221.224.14 > 10.193.106.89:993",
    "source": {
      "ip": "121.221.224.14"
    },
    "destination": {
      "ip": "172.17.188.112",
      "port": 993
    },
    "network": {
      "protocol": "TCP"
    },
    "event": {
      "category": "network_traffic",
      "type": "connection",
      "outcome": "info"
    },
    "host": {
      "name": "email-96.reed.com"
    },
    "tags": [
      "network",
      "port_scan_simulation"
    ]
  },
  {
    "@timestamp": "2026-02-02T03:31:43.483584",
    "winlog": {
      "provider_name": "Microsoft-Windows-Security-Auditing",
      "event_id": 4672,
      "level": "Information"
    },
    "host": {
      "name": "db-33.edwards-phillips.net",
      "ip": [
        "192.168.168.127"
      ]
    },
    "tags": [
      "windows"
    ]
  },
